<?xml version="1.0" encoding="UTF-8"?>
<!-- Generated by org.testng.reporters.JUnitReportReporter -->
<testsuite hostname="DESKTOP-QSD88I6" failures="0" tests="2" name="testCases.TC_001_AccountRegistrationtTest" time="9.881" errors="0" timestamp="2024-03-24T10:55:10 IST" skipped="0">
  <testcase classname="testCases.TC_001_AccountRegistrationtTest" name="test_account_Registration" time="4.792"/>
  <system-out/>
  <testcase classname="testCases.TC_001_AccountRegistrationtTest" name="test_account_Registration" time="5.089"/>
  <system-out/>
</testsuite> <!-- testCases.TC_001_AccountRegistrationtTest -->
