<?xml version="1.0" encoding="UTF-8"?>
<!-- Generated by org.testng.reporters.JUnitReportReporter -->
<testsuite hostname="DESKTOP-QSD88I6" failures="0" tests="1" name="testCases.TC_002_LoginTest" time="1.695" errors="0" timestamp="2024-03-24T16:55:36 IST" skipped="0">
  <testcase classname="testCases.TC_002_LoginTest" name="test_Login" time="1.695"/>
</testsuite> <!-- testCases.TC_002_LoginTest -->
